# JRE version: OpenJDK Runtime Environment Corretto-15.0.2.7.1 (15.0.2+7) (build 15.0.2+7)
# Java VM: OpenJDK 64-Bit Server VM Corretto-15.0.2.7.1 (15.0.2+7, mixed mode, sharing, tiered, compressed oops, g1 gc, bsd-amd64)
GC Precious Log:
 CPUs: 4 total, 4 available
 Memory: 8192M
 Large Page Support: Disabled
 NUMA Support: Disabled
 Compressed Oops: Enabled (Zero based)
 Heap Region Size: 1M
 Heap Min Capacity: 8M
 Heap Initial Capacity: 128M
 Heap Max Capacity: 2G
 Pre-touch: Disabled
 Parallel Workers: 4
 Concurrent Workers: 1
 Concurrent Refinement Workers: 4
 Periodic GC: Disabled
Heap:
 garbage-first heap   total 114688K, used 83440K [0x0000000780000000, 0x0000000800000000)
  region size 1024K, 49 young (50176K), 7 survivors (7168K)
 Metaspace       used 73481K, capacity 74061K, committed 75520K, reserved 1114112K
  class space    used 9683K, capacity 9859K, committed 9984K, reserved 1048576K
GC Heap History (20 events):
Event: 8.175 GC heap before
{Heap before GC invocations=15 (full 0):
 garbage-first heap   total 78848K, used 63412K [0x0000000780000000, 0x0000000800000000)
  region size 1024K, 45 young (46080K), 4 survivors (4096K)
 Metaspace       used 41631K, capacity 42049K, committed 43008K, reserved 1087488K
  class space    used 5132K, capacity 5291K, committed 5376K, reserved 1048576K
}
Event: 8.182 GC heap after
{Heap after GC invocations=16 (full 0):
 garbage-first heap   total 78848K, used 24198K [0x0000000780000000, 0x0000000800000000)
  region size 1024K, 5 young (5120K), 5 survivors (5120K)
 Metaspace       used 41631K, capacity 42049K, committed 43008K, reserved 1087488K
  class space    used 5132K, capacity 5291K, committed 5376K, reserved 1048576K
}
Event: 8.498 GC heap before
{Heap before GC invocations=16 (full 0):
 garbage-first heap   total 78848K, used 62086K [0x0000000780000000, 0x0000000800000000)
  region size 1024K, 42 young (43008K), 5 survivors (5120K)
 Metaspace       used 45536K, capacity 45956K, committed 46976K, reserved 1091584K
  class space    used 5535K, capacity 5676K, committed 5760K, reserved 1048576K
}
Event: 8.505 GC heap after
{Heap after GC invocations=17 (full 0):
 garbage-first heap   total 78848K, used 26027K [0x0000000780000000, 0x0000000800000000)
  region size 1024K, 5 young (5120K), 5 survivors (5120K)
 Metaspace       used 45536K, capacity 45956K, committed 46976K, reserved 1091584K
  class space    used 5535K, capacity 5676K, committed 5760K, reserved 1048576K
}
Event: 8.794 GC heap before
{Heap before GC invocations=17 (full 0):
 garbage-first heap   total 78848K, used 62891K [0x0000000780000000, 0x0000000800000000)
  region size 1024K, 41 young (41984K), 5 survivors (5120K)
 Metaspace       used 48990K, capacity 49389K, committed 50432K, reserved 1093632K
  class space    used 6167K, capacity 6286K, committed 6400K, reserved 1048576K
}
Event: 8.801 GC heap after
{Heap after GC invocations=18 (full 0):
 garbage-first heap   total 95232K, used 26640K [0x0000000780000000, 0x0000000800000000)
  region size 1024K, 3 young (3072K), 3 survivors (3072K)
 Metaspace       used 48990K, capacity 49389K, committed 50432K, reserved 1093632K
  class space    used 6167K, capacity 6286K, committed 6400K, reserved 1048576K
}
Event: 9.119 GC heap before
{Heap before GC invocations=18 (full 0):
 garbage-first heap   total 95232K, used 75792K [0x0000000780000000, 0x0000000800000000)
  region size 1024K, 51 young (52224K), 3 survivors (3072K)
 Metaspace       used 53812K, capacity 54262K, committed 55424K, reserved 1097728K
  class space    used 6821K, capacity 6992K, committed 7040K, reserved 1048576K
}
Event: 9.124 GC heap after
{Heap after GC invocations=19 (full 0):
 garbage-first heap   total 95232K, used 27179K [0x0000000780000000, 0x0000000800000000)
  region size 1024K, 3 young (3072K), 3 survivors (3072K)
 Metaspace       used 53812K, capacity 54262K, committed 55424K, reserved 1097728K
  class space    used 6821K, capacity 6992K, committed 7040K, reserved 1048576K
}
Event: 9.478 GC heap before
{Heap before GC invocations=19 (full 0):
 garbage-first heap   total 95232K, used 76331K [0x0000000780000000, 0x0000000800000000)
  region size 1024K, 51 young (52224K), 3 survivors (3072K)
 Metaspace       used 58564K, capacity 58984K, committed 60160K, reserved 1101824K
  class space    used 7570K, capacity 7733K, committed 7808K, reserved 1048576K
}
Event: 9.484 GC heap after
{Heap after GC invocations=20 (full 0):
 garbage-first heap   total 95232K, used 27671K [0x0000000780000000, 0x0000000800000000)
  region size 1024K, 4 young (4096K), 4 survivors (4096K)
 Metaspace       used 58564K, capacity 58984K, committed 60160K, reserved 1101824K
  class space    used 7570K, capacity 7733K, committed 7808K, reserved 1048576K
}
Event: 9.485 GC heap before
{Heap before GC invocations=20 (full 0):
 garbage-first heap   total 95232K, used 27671K [0x0000000780000000, 0x0000000800000000)
  region size 1024K, 5 young (5120K), 4 survivors (4096K)
 Metaspace       used 58584K, capacity 58984K, committed 60160K, reserved 1101824K
  class space    used 7572K, capacity 7733K, committed 7808K, reserved 1048576K
}
Event: 9.490 GC heap after
{Heap after GC invocations=21 (full 0):
 garbage-first heap   total 95232K, used 27868K [0x0000000780000000, 0x0000000800000000)
  region size 1024K, 4 young (4096K), 4 survivors (4096K)
 Metaspace       used 58584K, capacity 58984K, committed 60160K, reserved 1101824K
  class space    used 7572K, capacity 7733K, committed 7808K, reserved 1048576K
}
Event: 9.986 GC heap before
{Heap before GC invocations=22 (full 0):
 garbage-first heap   total 95232K, used 78044K [0x0000000780000000, 0x0000000800000000)
  region size 1024K, 53 young (54272K), 4 survivors (4096K)
 Metaspace       used 61944K, capacity 62353K, committed 63616K, reserved 1103872K
  class space    used 8041K, capacity 8216K, committed 8320K, reserved 1048576K
}
Event: 9.994 GC heap after
{Heap after GC invocations=23 (full 0):
 garbage-first heap   total 95232K, used 30891K [0x0000000780000000, 0x0000000800000000)
  region size 1024K, 7 young (7168K), 7 survivors (7168K)
 Metaspace       used 61944K, capacity 62353K, committed 63616K, reserved 1103872K
  class space    used 8041K, capacity 8216K, committed 8320K, reserved 1048576K
}
Event: 10.429 GC heap before
{Heap before GC invocations=23 (full 0):
 garbage-first heap   total 95232K, used 74923K [0x0000000780000000, 0x0000000800000000)
  region size 1024K, 50 young (51200K), 7 survivors (7168K)
 Metaspace       used 64160K, capacity 64573K, committed 65920K, reserved 1105920K
  class space    used 8372K, capacity 8526K, committed 8576K, reserved 1048576K
}
Event: 10.441 GC heap after
{Heap after GC invocations=24 (full 0):
 garbage-first heap   total 114688K, used 34232K [0x0000000780000000, 0x0000000800000000)
  region size 1024K, 7 young (7168K), 7 survivors (7168K)
 Metaspace       used 64160K, capacity 64573K, committed 65920K, reserved 1105920K
  class space    used 8372K, capacity 8526K, committed 8576K, reserved 1048576K
}
Event: 10.980 GC heap before
{Heap before GC invocations=24 (full 0):
 garbage-first heap   total 114688K, used 90552K [0x0000000780000000, 0x0000000800000000)
  region size 1024K, 62 young (63488K), 7 survivors (7168K)
 Metaspace       used 67170K, capacity 67700K, committed 69120K, reserved 1110016K
  class space    used 8751K, capacity 8922K, committed 8960K, reserved 1048576K
}
Event: 10.996 GC heap after
{Heap after GC invocations=25 (full 0):
 garbage-first heap   total 114688K, used 37728K [0x0000000780000000, 0x0000000800000000)
  region size 1024K, 7 young (7168K), 7 survivors (7168K)
 Metaspace       used 67170K, capacity 67700K, committed 69120K, reserved 1110016K
  class space    used 8751K, capacity 8922K, committed 8960K, reserved 1048576K
}
Event: 11.512 GC heap before
{Heap before GC invocations=25 (full 0):
 garbage-first heap   total 114688K, used 90976K [0x0000000780000000, 0x0000000800000000)
  region size 1024K, 59 young (60416K), 7 survivors (7168K)
 Metaspace       used 69235K, capacity 69746K, committed 71296K, reserved 1112064K
  class space    used 9057K, capacity 9219K, committed 9344K, reserved 1048576K
}
Event: 11.524 GC heap after
{Heap after GC invocations=26 (full 0):
 garbage-first heap   total 114688K, used 41456K [0x0000000780000000, 0x0000000800000000)
  region size 1024K, 7 young (7168K), 7 survivors (7168K)
 Metaspace       used 69235K, capacity 69746K, committed 71296K, reserved 1112064K
  class space    used 9057K, capacity 9219K, committed 9344K, reserved 1048576K
}

